<?xml version="1.0" encoding="UTF-8"?>
<testsuite name="com.kameleoon.techtask.TechtaskApplicationTests" tests="1" skipped="0" failures="0" errors="0" timestamp="2023-02-15T05:48:51" hostname="DESKTOP-1BIFKQF" time="0.133">
  <properties/>
  <testcase name="contextLoads()" classname="com.kameleoon.techtask.TechtaskApplicationTests" time="0.133"/>
  <system-out><![CDATA[15:48:48.827 [Test worker] DEBUG org.springframework.boot.test.context.SpringBootTestContextBootstrapper - Neither @ContextConfiguration nor @ContextHierarchy found for test class [TechtaskApplicationTests]: using SpringBootContextLoader
15:48:48.831 [Test worker] DEBUG org.springframework.test.context.support.AbstractContextLoader - Could not detect default resource locations for test class [com.kameleoon.techtask.TechtaskApplicationTests]: no resource found for suffixes {-context.xml, Context.groovy}.
15:48:48.832 [Test worker] INFO org.springframework.test.context.support.AnnotationConfigContextLoaderUtils - Could not detect default configuration classes for test class [com.kameleoon.techtask.TechtaskApplicationTests]: TechtaskApplicationTests does not declare any static, non-private, non-final, nested classes annotated with @Configuration.
15:48:48.848 [Test worker] DEBUG org.springframework.boot.test.context.SpringBootTestContextBootstrapper - Using ContextCustomizers for test class [TechtaskApplicationTests]: [DisableObservabilityContextCustomizer, PropertyMappingContextCustomizer, Customizer, ExcludeFilterContextCustomizer, DuplicateJsonObjectContextCustomizer, MockitoContextCustomizer, TestRestTemplateContextCustomizer]
15:48:48.895 [Test worker] DEBUG org.springframework.context.annotation.ClassPathScanningCandidateComponentProvider - Identified candidate component class: file [C:\Users\win\Desktop\kameloon\techtask\build\classes\java\main\com\kameleoon\techtask\TechtaskApplication.class]
15:48:48.896 [Test worker] INFO org.springframework.boot.test.context.SpringBootTestContextBootstrapper - Found @SpringBootConfiguration com.kameleoon.techtask.TechtaskApplication for test class com.kameleoon.techtask.TechtaskApplicationTests
15:48:48.965 [Test worker] DEBUG org.springframework.boot.test.context.SpringBootTestContextBootstrapper - Using TestExecutionListeners for test class [TechtaskApplicationTests]: [ServletTestExecutionListener, DirtiesContextBeforeModesTestExecutionListener, ApplicationEventsTestExecutionListener, MockitoTestExecutionListener, DependencyInjectionTestExecutionListener, DirtiesContextTestExecutionListener, TransactionalTestExecutionListener, SqlScriptsTestExecutionListener, EventPublishingTestExecutionListener, RestDocsTestExecutionListener, MockRestServiceServerResetTestExecutionListener, MockMvcPrintOnlyOnFailureTestExecutionListener, WebDriverTestExecutionListener, MockWebServiceServerTestExecutionListener, ResetMocksTestExecutionListener]
15:48:48.966 [Test worker] DEBUG org.springframework.test.context.support.AbstractDirtiesContextTestExecutionListener - Before test class: class [TechtaskApplicationTests], class annotated with @DirtiesContext [false] with mode [null]
2023-02-15T15:48:49.190+10:00  INFO 11060 --- [    Test worker] c.k.techtask.TechtaskApplicationTests    : Starting TechtaskApplicationTests using Java 18.0.2.1 with PID 11060 (started by win in C:\Users\win\Desktop\kameloon\techtask)
2023-02-15T15:48:49.191+10:00  INFO 11060 --- [    Test worker] c.k.techtask.TechtaskApplicationTests    : No active profile set, falling back to 1 default profile: "default"
2023-02-15T15:48:49.637+10:00  INFO 11060 --- [    Test worker] .s.d.r.c.RepositoryConfigurationDelegate : Bootstrapping Spring Data JPA repositories in DEFAULT mode.
2023-02-15T15:48:49.680+10:00  INFO 11060 --- [    Test worker] .s.d.r.c.RepositoryConfigurationDelegate : Finished Spring Data repository scanning in 36 ms. Found 3 JPA repository interfaces.
2023-02-15T15:48:49.982+10:00  INFO 11060 --- [    Test worker] o.hibernate.jpa.internal.util.LogHelper  : HHH000204: Processing PersistenceUnitInfo [name: default]
2023-02-15T15:48:50.032+10:00  INFO 11060 --- [    Test worker] org.hibernate.Version                    : HHH000412: Hibernate ORM core version 6.1.6.Final
2023-02-15T15:48:50.152+10:00  WARN 11060 --- [    Test worker] org.hibernate.orm.deprecation            : HHH90000021: Encountered deprecated setting [javax.persistence.sharedCache.mode], use [jakarta.persistence.sharedCache.mode] instead
2023-02-15T15:48:50.242+10:00  INFO 11060 --- [    Test worker] com.zaxxer.hikari.HikariDataSource       : HikariPool-1 - Starting...
2023-02-15T15:48:50.367+10:00  INFO 11060 --- [    Test worker] com.zaxxer.hikari.pool.HikariPool        : HikariPool-1 - Added connection conn0: url=jdbc:h2:mem:testdb user=SA
2023-02-15T15:48:50.368+10:00  INFO 11060 --- [    Test worker] com.zaxxer.hikari.HikariDataSource       : HikariPool-1 - Start completed.
2023-02-15T15:48:50.382+10:00  INFO 11060 --- [    Test worker] SQL dialect                              : HHH000400: Using dialect: org.hibernate.dialect.H2Dialect
2023-02-15T15:48:50.965+10:00  INFO 11060 --- [    Test worker] o.h.e.t.j.p.i.JtaPlatformInitiator       : HHH000490: Using JtaPlatform implementation: [org.hibernate.engine.transaction.jta.platform.internal.NoJtaPlatform]
2023-02-15T15:48:50.971+10:00  INFO 11060 --- [    Test worker] j.LocalContainerEntityManagerFactoryBean : Initialized JPA EntityManagerFactory for persistence unit 'default'
[]
Users: []
2023-02-15T15:48:51.643+10:00  WARN 11060 --- [    Test worker] JpaBaseConfiguration$JpaWebConfiguration : spring.jpa.open-in-view is enabled by default. Therefore, database queries may be performed during view rendering. Explicitly configure spring.jpa.open-in-view to disable this warning
2023-02-15T15:48:51.831+10:00  INFO 11060 --- [    Test worker] o.s.b.a.h2.H2ConsoleAutoConfiguration    : H2 console available at '/h2'. Database available at 'jdbc:h2:mem:testdb'
2023-02-15T15:48:51.893+10:00  INFO 11060 --- [    Test worker] c.k.techtask.TechtaskApplicationTests    : Started TechtaskApplicationTests in 2.895 seconds (process running for 3.643)
]]></system-out>
  <system-err><![CDATA[]]></system-err>
</testsuite>
